app/build/outputs/logs/manifest-merger-debug-report.txt
-- Merging decision tree log ---
manifest
ADDED from AndroidManifest.xml:2:1
	xmlns:android
		ADDED from AndroidManifest.xml:2:11
	package
		ADDED from AndroidManifest.xml:3:5
		INJECTED from AndroidManifest.xml:0:0
		INJECTED from AndroidManifest.xml:0:0
	android:versionName
		ADDED from AndroidManifest.xml:5:5
	android:versionCode
		ADDED from AndroidManifest.xml:4:5
		INJECTED from AndroidManifest.xml:0:0
		INJECTED from AndroidManifest.xml:0:0
uses-sdk
ADDED from AndroidManifest.xml:7:5
	android:targetSdkVersion
		ADDED from AndroidManifest.xml:9:9
		INJECTED from AndroidManifest.xml:0:0
		INJECTED from AndroidManifest.xml:0:0
	android:minSdkVersion
		ADDED from AndroidManifest.xml:8:9
		INJECTED from AndroidManifest.xml:0:0
		INJECTED from AndroidManifest.xml:0:0
uses-permission#android.permission.INTERNET
ADDED from AndroidManifest.xml:10:5
	android:name
		ADDED from AndroidManifest.xml:10:22
application
ADDED from AndroidManifest.xml:12:5
	android:label
		ADDED from AndroidManifest.xml:14:9
	android:icon
		ADDED from AndroidManifest.xml:13:9
	android:textColor
		ADDED from AndroidManifest.xml:15:3
activity#com.aid.lottery.Main
ADDED from AndroidManifest.xml:17:9
	android:label
		ADDED from AndroidManifest.xml:18:13
	android:configChanges
		ADDED from AndroidManifest.xml:20:4
	android:name
		ADDED from AndroidManifest.xml:19:13
intent-filter#android.intent.action.MAIN+android.intent.category.LAUNCHER
ADDED from AndroidManifest.xml:21:13
action#android.intent.action.MAIN
ADDED from AndroidManifest.xml:22:17
	android:name
		ADDED from AndroidManifest.xml:22:25
category#android.intent.category.LAUNCHER
ADDED from AndroidManifest.xml:24:17
	android:name
		ADDED from AndroidManifest.xml:24:27
activity#com.aid.lottery.PrefActivity
ADDED from AndroidManifest.xml:28:3
	android:name
		ADDED from AndroidManifest.xml:29:4
activity#com.aid.lottery.TabMenuMore
ADDED from AndroidManifest.xml:33:3
	android:name
		ADDED from AndroidManifest.xml:33:13
activity#com.aid.lottery.TabMenu
ADDED from AndroidManifest.xml:34:3
	android:name
		ADDED from AndroidManifest.xml:34:13
activity#com.aid.lottery.WebApp
ADDED from AndroidManifest.xml:35:3
	android:name
		ADDED from AndroidManifest.xml:35:13
activity#com.aid.lottery.TestApp
ADDED from AndroidManifest.xml:36:3
	android:name
		ADDED from AndroidManifest.xml:36:13